<?xml version="1.0" encoding="UTF-8"?><testsuite errors="1" failures="0" name="Create new account" skipped="0" tests="1" time="20.09" timestamp="2020-01-17 02:31:41"><testcase name="Verify new account can be created"><error message="element click intercepted: Element &lt;a href=&quot;addAccount.php&quot;&gt;...&lt;/a&gt; is not clickable at point (120, 503). Other element would receive the click: &lt;iframe id=&quot;primis_playerSekindoSPlayer5e20ba2dee39b&quot; title=&quot;Primis Player Videos&quot; scrolling=&quot;no&quot; allowfullscreen=&quot;&quot; style=&quot;border: none; position: fixed; bottom: 10px; width: 315px; height: 177px; box-shadow: rgba(0, 0, 0, 0.4) 1px 1px 6px 3px; border-radius: 1px; z-index: 2147483646; left: 10px;&quot;&gt;&lt;/iframe&gt;&#10;  (Session info: chrome=79.0.3945.117)&#10;Build info: version: '3.141.59', revision: 'e82be7d358', time: '2018-11-14T08:17:03'&#10;System info: host: 'ABC', ip: '192.168.1.6', os.name: 'Windows 10', os.arch: 'amd64', os.version: '10.0', java.version: '1.8.0_231'&#10;Driver info: org.openqa.selenium.chrome.ChromeDriver&#10;Capabilities {acceptInsecureCerts: false, browserName: chrome, browserVersion: 79.0.3945.117, chrome: {chromedriverVersion: 79.0.3945.16 (93fcc21110c10..., userDataDir: C:\Users\han.ho\AppData\Loc...}, goog:chromeOptions: {debuggerAddress: localhost:55051}, javascriptEnabled: true, networkConnectionEnabled: false, pageLoadStrategy: normal, platform: WINDOWS, platformName: WINDOWS, proxy: Proxy(), setWindowRect: true, strictFileInteractability: false, timeouts: {implicit: 0, pageLoad: 300000, script: 30000}, unhandledPromptBehavior: dismiss and notify}&#10;Session ID: b6eea4cf108103e99c59aff20e24564e&#10;Build info: version: '3.141.59', revision: 'e82be7d358', time: '2018-11-14T08:17:03'&#10;System info: host: 'ABC', ip: '192.168.1.6', os.name: 'Windows 10', os.arch: 'amd64', os.version: '10.0', java.version: '1.8.0_231'&#10;Driver info: driver.version: unknown" type="org.openqa.selenium.ElementClickInterceptedException">element click intercepted: Element &lt;a href="addAccount.php"&gt;...&lt;/a&gt; is not clickable at point (120, 503). Other element would receive the click: &lt;iframe id="primis_playerSekindoSPlayer5e20ba2dee39b" title="Primis Player Videos" scrolling="no" allowfullscreen="" style="border: none; position: fixed; bottom: 10px; width: 315px; height: 177px; box-shadow: rgba(0, 0, 0, 0.4) 1px 1px 6px 3px; border-radius: 1px; z-index: 2147483646; left: 10px;"&gt;&lt;/iframe&gt;
  (Session info: chrome=79.0.3945.117)
Build info: version: '3.141.59', revision: 'e82be7d358', time: '2018-11-14T08:17:03'
System info: host: 'ABC', ip: '192.168.1.6', os.name: 'Windows 10', os.arch: 'amd64', os.version: '10.0', java.version: '1.8.0_231'
Driver info: org.openqa.selenium.chrome.ChromeDriver
Capabilities {acceptInsecureCerts: false, browserName: chrome, browserVersion: 79.0.3945.117, chrome: {chromedriverVersion: 79.0.3945.16 (93fcc21110c10..., userDataDir: C:\Users\han.ho\AppData\Loc...}, goog:chromeOptions: {debuggerAddress: localhost:55051}, javascriptEnabled: true, networkConnectionEnabled: false, pageLoadStrategy: normal, platform: WINDOWS, platformName: WINDOWS, proxy: Proxy(), setWindowRect: true, strictFileInteractability: false, timeouts: {implicit: 0, pageLoad: 300000, script: 30000}, unhandledPromptBehavior: dismiss and notify}
Session ID: b6eea4cf108103e99c59aff20e24564e
Build info: version: '3.141.59', revision: 'e82be7d358', time: '2018-11-14T08:17:03'
System info: host: 'ABC', ip: '192.168.1.6', os.name: 'Windows 10', os.arch: 'amd64', os.version: '10.0', java.version: '1.8.0_231'
Driver info: driver.version: unknown</error><system-err>element click intercepted: Element &lt;a href="addAccount.php"&gt;...&lt;/a&gt; is not clickable at point (120, 503). Other element would receive the click: &lt;iframe id="primis_playerSekindoSPlayer5e20ba2dee39b" title="Primis Player Videos" scrolling="no" allowfullscreen="" style="border: none; position: fixed; bottom: 10px; width: 315px; height: 177px; box-shadow: rgba(0, 0, 0, 0.4) 1px 1px 6px 3px; border-radius: 1px; z-index: 2147483646; left: 10px;"&gt;&lt;/iframe&gt;
  (Session info: chrome=79.0.3945.117)
Build info: version: '3.141.59', revision: 'e82be7d358', time: '2018-11-14T08:17:03'
System info: host: 'ABC', ip: '192.168.1.6', os.name: 'Windows 10', os.arch: 'amd64', os.version: '10.0', java.version: '1.8.0_231'
Driver info: org.openqa.selenium.chrome.ChromeDriver
Capabilities {acceptInsecureCerts: false, browserName: chrome, browserVersion: 79.0.3945.117, chrome: {chromedriverVersion: 79.0.3945.16 (93fcc21110c10..., userDataDir: C:\Users\han.ho\AppData\Loc...}, goog:chromeOptions: {debuggerAddress: localhost:55051}, javascriptEnabled: true, networkConnectionEnabled: false, pageLoadStrategy: normal, platform: WINDOWS, platformName: WINDOWS, proxy: Proxy(), setWindowRect: true, strictFileInteractability: false, timeouts: {implicit: 0, pageLoad: 300000, script: 30000}, unhandledPromptBehavior: dismiss and notify}
Session ID: b6eea4cf108103e99c59aff20e24564e
Build info: version: '3.141.59', revision: 'e82be7d358', time: '2018-11-14T08:17:03'
System info: host: 'ABC', ip: '192.168.1.6', os.name: 'Windows 10', os.arch: 'amd64', os.version: '10.0', java.version: '1.8.0_231'
Driver info: driver.version: unknown&#13;
Utils.ElementActions.click(ElementActions.java:15)&#13;
PageObject.CreateNewAccountPage.clickCreateNewAccBtn(CreateNewAccountPage.java:26)&#13;
Steps.CreateNewAccountSteps.clickOnCreateNewAccount(CreateNewAccountSteps.java:12)&#13;
stepdefinitions.CreateNewAccount.clickOnAddNewAccount(CreateNewAccount.java:15)&#13;
✽.User clicks on add new account(src/test/resources/feature/CreateNewAccount.feature:5)&#13;
</system-err></testcase></testsuite>